<?xml version="1.0" encoding="UTF-8"?>
<testng-results ignored="0" total="1" passed="1" failed="0" skipped="0">
  <reporter-output>
  </reporter-output>
  <suite started-at="2020-11-22T20:17:23 MST" name="Default suite" finished-at="2020-11-22T20:17:46 MST" duration-ms="22487">
    <groups>
    </groups>
    <test started-at="2020-11-22T20:17:23 MST" name="Default test" finished-at="2020-11-22T20:17:46 MST" duration-ms="22487">
      <class name="kdf.Application">
        <test-method signature="verifyInvalidLogin()[pri:0, instance:kdf.Application@1757cd72]" started-at="2020-11-22T20:17:23 MST" name="verifyInvalidLogin" finished-at="2020-11-22T20:17:46 MST" duration-ms="22446" status="PASS">
          <reporter-output>
          </reporter-output>
        </test-method> <!-- verifyInvalidLogin -->
      </class> <!-- kdf.Application -->
    </test> <!-- Default test -->
  </suite> <!-- Default suite -->
</testng-results>
